# JRE version: Java(TM) SE Runtime Environment (8.0_191-b12) (build 1.8.0_191-b12)
# Java VM: Java HotSpot(TM) 64-Bit Server VM (25.191-b12 mixed mode windows-amd64 compressed oops)
Heap:
 PSYoungGen      total 412160K, used 179840K [0x000000076b500000, 0x0000000785980000, 0x00000007c0000000)
  eden space 395776K, 45% used [0x000000076b500000,0x00000007764a01e8,0x0000000783780000)
  from space 16384K, 0% used [0x0000000784780000,0x0000000784780000,0x0000000785780000)
  to   space 16384K, 0% used [0x0000000783780000,0x0000000783780000,0x0000000784780000)
 ParOldGen       total 227328K, used 36841K [0x00000006c1e00000, 0x00000006cfc00000, 0x000000076b500000)
  object space 227328K, 16% used [0x00000006c1e00000,0x00000006c41fa520,0x00000006cfc00000)
 Metaspace       used 57444K, capacity 60350K, committed 60568K, reserved 1101824K
  class space    used 7421K, capacity 7925K, committed 7984K, reserved 1048576K
GC Heap History (10 events):
Event: 28.648 GC heap before
{Heap before GC invocations=13 (full 2):
 PSYoungGen      total 256512K, used 256072K [0x000000076b500000, 0x000000077c980000, 0x00000007c0000000)
  eden space 244736K, 100% used [0x000000076b500000,0x000000077a400000,0x000000077a400000)
  from space 11776K, 96% used [0x000000077be00000,0x000000077c912088,0x000000077c980000)
  to   space 13824K, 0% used [0x000000077ae80000,0x000000077ae80000,0x000000077bc00000)
 ParOldGen       total 154112K, used 18626K [0x00000006c1e00000, 0x00000006cb480000, 0x000000076b500000)
  object space 154112K, 12% used [0x00000006c1e00000,0x00000006c3030918,0x00000006cb480000)
 Metaspace       used 42330K, capacity 44270K, committed 44464K, reserved 1087488K
  class space    used 5579K, capacity 5955K, committed 6064K, reserved 1048576K
Event: 28.669 GC heap after
Heap after GC invocations=13 (full 2):
 PSYoungGen      total 269312K, used 9631K [0x000000076b500000, 0x0000000780400000, 0x00000007c0000000)
  eden space 255488K, 0% used [0x000000076b500000,0x000000076b500000,0x000000077ae80000)
  from space 13824K, 69% used [0x000000077ae80000,0x000000077b7e7ca8,0x000000077bc00000)
  to   space 13824K, 0% used [0x000000077f680000,0x000000077f680000,0x0000000780400000)
 ParOldGen       total 154112K, used 25024K [0x00000006c1e00000, 0x00000006cb480000, 0x000000076b500000)
  object space 154112K, 16% used [0x00000006c1e00000,0x00000006c36701f0,0x00000006cb480000)
 Metaspace       used 42330K, capacity 44270K, committed 44464K, reserved 1087488K
  class space    used 5579K, capacity 5955K, committed 6064K, reserved 1048576K
}
Event: 31.247 GC heap before
{Heap before GC invocations=14 (full 2):
 PSYoungGen      total 269312K, used 265119K [0x000000076b500000, 0x0000000780400000, 0x00000007c0000000)
  eden space 255488K, 100% used [0x000000076b500000,0x000000077ae80000,0x000000077ae80000)
  from space 13824K, 69% used [0x000000077ae80000,0x000000077b7e7ca8,0x000000077bc00000)
  to   space 13824K, 0% used [0x000000077f680000,0x000000077f680000,0x0000000780400000)
 ParOldGen       total 154112K, used 25024K [0x00000006c1e00000, 0x00000006cb480000, 0x000000076b500000)
  object space 154112K, 16% used [0x00000006c1e00000,0x00000006c36701f0,0x00000006cb480000)
 Metaspace       used 49996K, capacity 52260K, committed 52656K, reserved 1095680K
  class space    used 6531K, capacity 6966K, committed 7088K, reserved 1048576K
Event: 31.270 GC heap after
Heap after GC invocations=14 (full 2):
 PSYoungGen      total 326144K, used 13806K [0x000000076b500000, 0x0000000781800000, 0x00000007c0000000)
  eden space 312320K, 0% used [0x000000076b500000,0x000000076b500000,0x000000077e600000)
  from space 13824K, 99% used [0x000000077f680000,0x00000007803fb8f8,0x0000000780400000)
  to   space 16896K, 0% used [0x000000077e600000,0x000000077e600000,0x000000077f680000)
 ParOldGen       total 154112K, used 30245K [0x00000006c1e00000, 0x00000006cb480000, 0x000000076b500000)
  object space 154112K, 19% used [0x00000006c1e00000,0x00000006c3b89580,0x00000006cb480000)
 Metaspace       used 49996K, capacity 52260K, committed 52656K, reserved 1095680K
  class space    used 6531K, capacity 6966K, committed 7088K, reserved 1048576K
}
Event: 38.675 GC heap before
{Heap before GC invocations=15 (full 2):
 PSYoungGen      total 326144K, used 326126K [0x000000076b500000, 0x0000000781800000, 0x00000007c0000000)
  eden space 312320K, 100% used [0x000000076b500000,0x000000077e600000,0x000000077e600000)
  from space 13824K, 99% used [0x000000077f680000,0x00000007803fb8f8,0x0000000780400000)
  to   space 16896K, 0% used [0x000000077e600000,0x000000077e600000,0x000000077f680000)
 ParOldGen       total 154112K, used 30245K [0x00000006c1e00000, 0x00000006cb480000, 0x000000076b500000)
  object space 154112K, 19% used [0x00000006c1e00000,0x00000006c3b89580,0x00000006cb480000)
 Metaspace       used 54985K, capacity 57698K, committed 57904K, reserved 1099776K
  class space    used 7187K, capacity 7681K, committed 7728K, reserved 1048576K
Event: 38.702 GC heap after
Heap after GC invocations=15 (full 2):
 PSYoungGen      total 329216K, used 9951K [0x000000076b500000, 0x0000000785780000, 0x00000007c0000000)
  eden space 312320K, 0% used [0x000000076b500000,0x000000076b500000,0x000000077e600000)
  from space 16896K, 58% used [0x000000077e600000,0x000000077efb7d40,0x000000077f680000)
  to   space 16384K, 0% used [0x0000000784780000,0x0000000784780000,0x0000000785780000)
 ParOldGen       total 154112K, used 36695K [0x00000006c1e00000, 0x00000006cb480000, 0x000000076b500000)
  object space 154112K, 23% used [0x00000006c1e00000,0x00000006c41d5dc0,0x00000006cb480000)
 Metaspace       used 54985K, capacity 57698K, committed 57904K, reserved 1099776K
  class space    used 7187K, capacity 7681K, committed 7728K, reserved 1048576K
}
Event: 40.343 GC heap before
{Heap before GC invocations=16 (full 2):
 PSYoungGen      total 329216K, used 31784K [0x000000076b500000, 0x0000000785780000, 0x00000007c0000000)
  eden space 312320K, 6% used [0x000000076b500000,0x000000076ca524d0,0x000000077e600000)
  from space 16896K, 58% used [0x000000077e600000,0x000000077efb7d40,0x000000077f680000)
  to   space 16384K, 0% used [0x0000000784780000,0x0000000784780000,0x0000000785780000)
 ParOldGen       total 154112K, used 36695K [0x00000006c1e00000, 0x00000006cb480000, 0x000000076b500000)
  object space 154112K, 23% used [0x00000006c1e00000,0x00000006c41d5dc0,0x00000006cb480000)
 Metaspace       used 56306K, capacity 59074K, committed 59160K, reserved 1101824K
  class space    used 7360K, capacity 7845K, committed 7856K, reserved 1048576K
Event: 40.358 GC heap after
Heap after GC invocations=16 (full 2):
 PSYoungGen      total 412160K, used 6344K [0x000000076b500000, 0x0000000785980000, 0x00000007c0000000)
  eden space 395776K, 0% used [0x000000076b500000,0x000000076b500000,0x0000000783780000)
  from space 16384K, 38% used [0x0000000784780000,0x0000000784db2010,0x0000000785780000)
  to   space 16384K, 0% used [0x0000000783780000,0x0000000783780000,0x0000000784780000)
 ParOldGen       total 154112K, used 36703K [0x00000006c1e00000, 0x00000006cb480000, 0x000000076b500000)
  object space 154112K, 23% used [0x00000006c1e00000,0x00000006c41d7dc0,0x00000006cb480000)
 Metaspace       used 56306K, capacity 59074K, committed 59160K, reserved 1101824K
  class space    used 7360K, capacity 7845K, committed 7856K, reserved 1048576K
}
Event: 40.358 GC heap before
{Heap before GC invocations=17 (full 3):
 PSYoungGen      total 412160K, used 6344K [0x000000076b500000, 0x0000000785980000, 0x00000007c0000000)
  eden space 395776K, 0% used [0x000000076b500000,0x000000076b500000,0x0000000783780000)
  from space 16384K, 38% used [0x0000000784780000,0x0000000784db2010,0x0000000785780000)
  to   space 16384K, 0% used [0x0000000783780000,0x0000000783780000,0x0000000784780000)
 ParOldGen       total 154112K, used 36703K [0x00000006c1e00000, 0x00000006cb480000, 0x000000076b500000)
  object space 154112K, 23% used [0x00000006c1e00000,0x00000006c41d7dc0,0x00000006cb480000)
 Metaspace       used 56306K, capacity 59074K, committed 59160K, reserved 1101824K
  class space    used 7360K, capacity 7845K, committed 7856K, reserved 1048576K
Event: 40.817 GC heap after
Heap after GC invocations=17 (full 3):
 PSYoungGen      total 412160K, used 0K [0x000000076b500000, 0x0000000785980000, 0x00000007c0000000)
  eden space 395776K, 0% used [0x000000076b500000,0x000000076b500000,0x0000000783780000)
  from space 16384K, 0% used [0x0000000784780000,0x0000000784780000,0x0000000785780000)
  to   space 16384K, 0% used [0x0000000783780000,0x0000000783780000,0x0000000784780000)
 ParOldGen       total 227328K, used 36841K [0x00000006c1e00000, 0x00000006cfc00000, 0x000000076b500000)
  object space 227328K, 16% used [0x00000006c1e00000,0x00000006c41fa520,0x00000006cfc00000)
 Metaspace       used 56298K, capacity 59056K, committed 59160K, reserved 1101824K
  class space    used 7357K, capacity 7840K, committed 7856K, reserved 1048576K
}

